<?xml version="1.0" encoding="UTF-8"?>
<!-- Generated by org.testng.reporters.JUnitXMLReporter -->
<testsuite ignored="17" hostname="Shika-Laptop" failures="0" tests="6" name="TestNG" time="0.06" errors="0" timestamp="2023-08-23T16:50:37 EDT">
  <testcase classname="basePackage.BaseSignin" name="@BeforeSuite signininitiate" time="3.596">
    <failure type="org.openqa.selenium.NoSuchElementException" message="no such element: Unable to locate element: {&amp;quot;method&amp;quot;:&amp;quot;css selector&amp;quot;,&amp;quot;selector&amp;quot;:&amp;quot;#nav\-link\-accountList&amp;quot;}
  (Session info: chrome=115.0.5790.171)
For documentation on this error, please visit: https://www.selenium.dev/documentation/webdriver/troubleshooting/errors#no-such-element-exception
Build info: version: &amp;apos;4.10.0&amp;apos;, revision: &amp;apos;c14d967899&amp;apos;
System info: os.name: &amp;apos;Windows 11&amp;apos;, os.arch: &amp;apos;amd64&amp;apos;, os.version: &amp;apos;10.0&amp;apos;, java.version: &amp;apos;20.0.1&amp;apos;
Driver info: org.openqa.selenium.chrome.ChromeDriver
Command: [e1532f2836ff4856ca3668a78ed6a736, findElement {using=id, value=nav-link-accountList}]
Capabilities {acceptInsecureCerts: false, browserName: chrome, browserVersion: 115.0.5790.171, chrome: {chromedriverVersion: 114.0.5735.90 (386bc09e8f4f..., userDataDir: C:\Users\alvin\AppData\Loca...}, goog:chromeOptions: {debuggerAddress: localhost:58030}, networkConnectionEnabled: false, pageLoadStrategy: normal, platformName: windows, proxy: Proxy(), se:cdp: ws://localhost:58030/devtoo..., se:cdpVersion: 115.0.5790.171, setWindowRect: true, strictFileInteractability: false, timeouts: {implicit: 0, pageLoad: 300000, script: 30000}, unhandledPromptBehavior: dismiss and notify, webauthn:extension:credBlob: true, webauthn:extension:largeBlob: true, webauthn:extension:minPinLength: true, webauthn:extension:prf: true, webauthn:virtualAuthenticators: true}
Session ID: e1532f2836ff4856ca3668a78ed6a736">
      <![CDATA[org.openqa.selenium.NoSuchElementException: no such element: Unable to locate element: {"method":"css selector","selector":"#nav\-link\-accountList"}
  (Session info: chrome=115.0.5790.171)
For documentation on this error, please visit: https://www.selenium.dev/documentation/webdriver/troubleshooting/errors#no-such-element-exception
Build info: version: '4.10.0', revision: 'c14d967899'
System info: os.name: 'Windows 11', os.arch: 'amd64', os.version: '10.0', java.version: '20.0.1'
Driver info: org.openqa.selenium.chrome.ChromeDriver
Command: [e1532f2836ff4856ca3668a78ed6a736, findElement {using=id, value=nav-link-accountList}]
Capabilities {acceptInsecureCerts: false, browserName: chrome, browserVersion: 115.0.5790.171, chrome: {chromedriverVersion: 114.0.5735.90 (386bc09e8f4f..., userDataDir: C:\Users\alvin\AppData\Loca...}, goog:chromeOptions: {debuggerAddress: localhost:58030}, networkConnectionEnabled: false, pageLoadStrategy: normal, platformName: windows, proxy: Proxy(), se:cdp: ws://localhost:58030/devtoo..., se:cdpVersion: 115.0.5790.171, setWindowRect: true, strictFileInteractability: false, timeouts: {implicit: 0, pageLoad: 300000, script: 30000}, unhandledPromptBehavior: dismiss and notify, webauthn:extension:credBlob: true, webauthn:extension:largeBlob: true, webauthn:extension:minPinLength: true, webauthn:extension:prf: true, webauthn:virtualAuthenticators: true}
Session ID: e1532f2836ff4856ca3668a78ed6a736
at org.openqa.selenium.remote.codec.w3c.W3CHttpResponseCodec.createException(W3CHttpResponseCodec.java:199)
at org.openqa.selenium.remote.codec.w3c.W3CHttpResponseCodec.decode(W3CHttpResponseCodec.java:132)
at org.openqa.selenium.remote.codec.w3c.W3CHttpResponseCodec.decode(W3CHttpResponseCodec.java:51)
at org.openqa.selenium.remote.HttpCommandExecutor.execute(HttpCommandExecutor.java:191)
at org.openqa.selenium.remote.service.DriverCommandExecutor.invokeExecute(DriverCommandExecutor.java:196)
at org.openqa.selenium.remote.service.DriverCommandExecutor.execute(DriverCommandExecutor.java:171)
at org.openqa.selenium.remote.RemoteWebDriver.execute(RemoteWebDriver.java:531)
at org.openqa.selenium.remote.ElementLocation$ElementFinder$2.findElement(ElementLocation.java:165)
at org.openqa.selenium.remote.ElementLocation.findElement(ElementLocation.java:59)
at org.openqa.selenium.remote.RemoteWebDriver.findElement(RemoteWebDriver.java:350)
at org.openqa.selenium.remote.RemoteWebDriver.findElement(RemoteWebDriver.java:344)
at org.openqa.selenium.support.pagefactory.DefaultElementLocator.findElement(DefaultElementLocator.java:68)
at org.openqa.selenium.support.pagefactory.internal.LocatingElementHandler.invoke(LocatingElementHandler.java:38)
at jdk.proxy2/jdk.proxy2.$Proxy18.click(Unknown Source)
at basePackage.BaseSignin.signininitiate(BaseSignin.java:61)
... Removed 20 stack frames]]>
    </failure>
  </testcase> <!-- @BeforeSuite signininitiate -->
  <testcase classname="basePackage.BaseSignin" name="@BeforeMethod home" time="0.0">
    <skipped/>
  </testcase> <!-- @BeforeMethod home -->
  <testcase classname="basePackage.BaseSignin" name="@BeforeMethod home" time="0.0">
    <skipped/>
  </testcase> <!-- @BeforeMethod home -->
  <testcase classname="basePackage.BaseSignin" name="@BeforeMethod home" time="0.0">
    <skipped/>
  </testcase> <!-- @BeforeMethod home -->
  <testcase classname="basePackage.BaseSignin" name="@BeforeMethod home" time="0.0">
    <skipped/>
  </testcase> <!-- @BeforeMethod home -->
  <testcase classname="basePackage.BaseSignin" name="@BeforeMethod home" time="0.0">
    <skipped/>
  </testcase> <!-- @BeforeMethod home -->
  <testcase classname="basePackage.BaseSignin" name="@BeforeMethod home" time="0.0">
    <skipped/>
  </testcase> <!-- @BeforeMethod home -->
  <testcase classname="testLayer.FiltrationTest" name="user_must_be_able_to_select_filters" time="0.0">
    <skipped/>
  </testcase> <!-- user_must_be_able_to_select_filters -->
  <testcase classname="testLayer.LoginSecurityTest" name="user_must_be_able_to_edit_securityDetails" time="0.0">
    <skipped/>
  </testcase> <!-- user_must_be_able_to_edit_securityDetails -->
  <testcase classname="testLayer.SearchingTest" name="user_must_be_able_to_search_with_keyword" time="0.0">
    <skipped/>
  </testcase> <!-- user_must_be_able_to_search_with_keyword -->
  <testcase classname="testLayer.ShoppingCartTest" name="user_must_be_able_to_add_items_to_cart" time="0.001">
    <skipped/>
  </testcase> <!-- user_must_be_able_to_add_items_to_cart -->
  <testcase classname="testLayer.YourAddressTest" name="User_Must_be_able_to_add_address" time="0.0">
    <skipped/>
  </testcase> <!-- User_Must_be_able_to_add_address -->
  <testcase classname="testLayer.YourOrdersTest" name="user_must_be_able_to_see_orderHistory" time="0.0">
    <skipped/>
  </testcase> <!-- user_must_be_able_to_see_orderHistory -->
  <testcase classname="basePackage.BaseSignin" name="@AfterSuite destroy" time="0.0">
    <ignored/>
  </testcase> <!-- @AfterSuite destroy -->
  <testcase classname="basePackage.BaseSignin" name="@BeforeSuite signininitiate" time="0.0">
    <ignored/>
  </testcase> <!-- @BeforeSuite signininitiate -->
  <testcase classname="basePackage.BaseSignin" name="@BeforeSuite signininitiate" time="0.0">
    <ignored/>
  </testcase> <!-- @BeforeSuite signininitiate -->
  <testcase classname="testLayer.YourPaymentsTest" name="user_must_get_an_error_message_on_leaving_CVVfield_empty" time="0.0">
    <ignored/>
  </testcase> <!-- user_must_get_an_error_message_on_leaving_CVVfield_empty -->
  <testcase classname="basePackage.BaseSignin" name="@AfterSuite destroy" time="0.0">
    <ignored/>
  </testcase> <!-- @AfterSuite destroy -->
  <testcase classname="basePackage.BaseSignin" name="@AfterSuite destroy" time="0.0">
    <ignored/>
  </testcase> <!-- @AfterSuite destroy -->
  <testcase classname="testLayer.CreateAccountFormTest" name="signup_should_pass_on_valid_entry" time="0.0">
    <ignored/>
  </testcase> <!-- signup_should_pass_on_valid_entry -->
  <testcase classname="basePackage.BaseSignin" name="@BeforeSuite signininitiate" time="0.0">
    <ignored/>
  </testcase> <!-- @BeforeSuite signininitiate -->
  <testcase classname="basePackage.BaseSignin" name="@BeforeSuite signininitiate" time="0.0">
    <ignored/>
  </testcase> <!-- @BeforeSuite signininitiate -->
  <testcase classname="basePackage.BaseSignin" name="@BeforeSuite signininitiate" time="0.0">
    <ignored/>
  </testcase> <!-- @BeforeSuite signininitiate -->
  <testcase classname="basePackage.BaseSignin" name="@AfterSuite destroy" time="0.0">
    <ignored/>
  </testcase> <!-- @AfterSuite destroy -->
  <testcase classname="basePackage.BaseSignin" name="@AfterSuite destroy" time="0.0">
    <ignored/>
  </testcase> <!-- @AfterSuite destroy -->
  <testcase classname="basePackage.BaseSignin" name="@AfterSuite destroy" time="0.0">
    <ignored/>
  </testcase> <!-- @AfterSuite destroy -->
  <testcase classname="basePackage.BaseSignin" name="@BeforeSuite signininitiate" time="0.0">
    <ignored/>
  </testcase> <!-- @BeforeSuite signininitiate -->
  <testcase classname="basePackage.BaseSignin" name="@BeforeSuite signininitiate" time="0.0">
    <ignored/>
  </testcase> <!-- @BeforeSuite signininitiate -->
  <testcase classname="testLayer.SigninTest" name="Signin" time="0.0">
    <ignored/>
  </testcase> <!-- Signin -->
  <testcase classname="basePackage.BaseSignin" name="@AfterSuite destroy" time="0.0">
    <ignored/>
  </testcase> <!-- @AfterSuite destroy -->
</testsuite> <!-- TestNG -->
